[debug] [2020-02-27T18:34:43.411Z] ----------------------------------------------------------------------
[debug] [2020-02-27T18:34:43.413Z] Command:       /Users/naoki/.nodebrew/node/v12.14.1/bin/node /Users/naoki/.nodebrew/current/bin/firebase deploy
[debug] [2020-02-27T18:34:43.413Z] CLI Version:   7.13.0
[debug] [2020-02-27T18:34:43.413Z] Platform:      darwin
[debug] [2020-02-27T18:34:43.413Z] Node Version:  v12.14.1
[debug] [2020-02-27T18:34:43.413Z] Time:          Fri Feb 28 2020 03:34:43 GMT+0900 (Japan Standard Time)
[debug] [2020-02-27T18:34:43.413Z] ----------------------------------------------------------------------
[debug] [2020-02-27T18:34:43.413Z] 
[debug] [2020-02-27T18:34:43.423Z] > command requires scopes: ["email","openid","https://www.googleapis.com/auth/cloudplatformprojects.readonly","https://www.googleapis.com/auth/firebase","https://www.googleapis.com/auth/cloud-platform"]
[debug] [2020-02-27T18:34:43.423Z] > authorizing via signed-in user
[debug] [2020-02-27T18:34:43.423Z] [iam] checking project ripple-live for permissions ["datastore.indexes.create","datastore.indexes.delete","datastore.indexes.list","datastore.indexes.update","firebase.projects.get","firebasehosting.sites.update"]
[debug] [2020-02-27T18:34:43.424Z] > refreshing access token with scopes: ["email","https://www.googleapis.com/auth/cloud-platform","https://www.googleapis.com/auth/cloudplatformprojects.readonly","https://www.googleapis.com/auth/firebase","openid"]
[debug] [2020-02-27T18:34:43.425Z] >>> HTTP REQUEST POST https://www.googleapis.com/oauth2/v3/token  
 <request body omitted>
[debug] [2020-02-27T18:34:43.578Z] <<< HTTP RESPONSE 200
[debug] [2020-02-27T18:34:43.592Z] >>> HTTP REQUEST POST https://cloudresourcemanager.googleapis.com/v1/projects/ripple-live:testIamPermissions  

[debug] [2020-02-27T18:34:44.479Z] <<< HTTP RESPONSE 200
[debug] [2020-02-27T18:34:44.482Z] >>> HTTP REQUEST GET https://firebase.googleapis.com/v1beta1/projects/ripple-live  
 
[debug] [2020-02-27T18:34:45.300Z] <<< HTTP RESPONSE 200
[info] 
[info] === Deploying to 'ripple-live'...
[info] 
[info] i  deploying firestore, hosting
[info] i  firestore: reading indexes from firestore.indexes.json...
[info] i  cloud.firestore: checking firestore.rules for compilation errors...
[debug] [2020-02-27T18:34:45.309Z] >>> HTTP REQUEST POST https://firebaserules.googleapis.com/v1/projects/ripple-live:test  

[debug] [2020-02-27T18:34:46.733Z] <<< HTTP RESPONSE 200
[info] ✔  cloud.firestore: rules file firestore.rules compiled successfully
[debug] [2020-02-27T18:34:46.736Z] >>> HTTP REQUEST POST https://firebasehosting.googleapis.com/v1beta1/sites/ripple-live/versions  

[debug] [2020-02-27T18:34:48.280Z] <<< HTTP RESPONSE 200
[debug] [2020-02-27T18:34:48.282Z] >>> HTTP REQUEST GET https://firebaserules.googleapis.com/v1/projects/ripple-live/releases?pageSize=10&pageToken=  
 
[debug] [2020-02-27T18:34:48.283Z] >>> HTTP REQUEST GET https://firestore.googleapis.com/v1beta2/projects/ripple-live/databases/(default)/collectionGroups/-/indexes  
 
[debug] [2020-02-27T18:34:48.475Z] <<< HTTP RESPONSE 200
[debug] [2020-02-27T18:34:48.476Z] >>> HTTP REQUEST GET https://firestore.googleapis.com/v1beta2/projects/ripple-live/databases/(default)/collectionGroups/-/fields?filter=indexConfig.usesAncestorConfig=false  
 
[debug] [2020-02-27T18:34:48.632Z] <<< HTTP RESPONSE 200
[info] i  firestore: there are some indexes defined in your project that are not present in your firestore indexes file. Run firebase firestore:indexes and save the result to correct the discrepancy.
[info] ✔  firestore: deployed indexes in firestore.indexes.json successfully
[debug] [2020-02-27T18:34:49.499Z] <<< HTTP RESPONSE 200
[debug] [2020-02-27T18:34:49.501Z] >>> HTTP REQUEST GET https://firebaserules.googleapis.com/v1/projects/ripple-live/rulesets/75956d06-8f19-460e-9396-a7f13744ae05  
 
[debug] [2020-02-27T18:34:50.631Z] <<< HTTP RESPONSE 200
[info] i  firestore: latest version of firestore.rules already up to date, skipping upload...
[info] i  hosting[ripple-live]: beginning deploy...
[info] i  hosting[ripple-live]: found 12 files in dist/ripple-live
[debug] [2020-02-27T18:34:50.730Z] [hosting] hash cache [ZGlzdC9yaXBwbGUtbGl2ZQ] stored for 12 files
[debug] [2020-02-27T18:34:50.730Z] [hosting][hash queue][FINAL]
[debug] [2020-02-27T18:34:50.731Z] >>> HTTP REQUEST POST https://firebasehosting.googleapis.com/v1beta1/sites/ripple-live/versions/4eb70d2cc6d29f9c:populateFiles  
 <request body omitted>
[debug] [2020-02-27T18:34:52.057Z] <<< HTTP RESPONSE 200
[debug] [2020-02-27T18:34:52.060Z] [hosting][populate queue][FINAL]
[debug] [2020-02-27T18:34:52.060Z] [hosting] uploads queued: 4
[debug] [2020-02-27T18:34:55.545Z] [hosting][upload queue][FINAL]
[info] ✔  hosting[ripple-live]: file upload complete
[debug] [2020-02-27T18:34:55.546Z] [hosting] deploy completed after 4914ms
[debug] [2020-02-27T18:34:55.651Z] [rules] releasing cloud.firestore with ruleset projects/ripple-live/rulesets/75956d06-8f19-460e-9396-a7f13744ae05
[debug] [2020-02-27T18:34:55.652Z] >>> HTTP REQUEST PATCH https://firebaserules.googleapis.com/v1/projects/ripple-live/releases/cloud.firestore  

